<?xml version="1.0" encoding="UTF-8"?>
<testsuite name="TestSuite" time="142.221" tests="3" errors="0" skipped="0" failures="0">
  <properties>
    <property name="java.vendor" value="Oracle Corporation"/>
    <property name="JOB_NAME" value="PageObjectModelExtended"/>
    <property name="ExecutionType" value="Grid"/>
    <property name="sun.java.launcher" value="SUN_STANDARD"/>
    <property name="NUMBER_OF_PROCESSORS" value="4"/>
    <property name="sun.management.compiler" value="HotSpot 64-Bit Tiered Compilers"/>
    <property name="JENKINS_HOME" value="C:\Users\WAY2AUTOMATION\.jenkins"/>
    <property name="FPS_BROWSER_USER_PROFILE_STRING" value="Default"/>
    <property name="HUDSON_SERVER_COOKIE" value="025db5fa7149d293"/>
    <property name="POM_ARTIFACTID" value="PageObjectExtended"/>
    <property name="os.name" value="Windows 10"/>
    <property name="sun.boot.class.path" value="C:\Program Files\Java\jdk1.8.0_171\jre\lib\resources.jar;C:\Program Files\Java\jdk1.8.0_171\jre\lib\rt.jar;C:\Program Files\Java\jdk1.8.0_171\jre\lib\sunrsasign.jar;C:\Program Files\Java\jdk1.8.0_171\jre\lib\jsse.jar;C:\Program Files\Java\jdk1.8.0_171\jre\lib\jce.jar;C:\Program Files\Java\jdk1.8.0_171\jre\lib\charsets.jar;C:\Program Files\Java\jdk1.8.0_171\jre\lib\jfr.jar;C:\Program Files\Java\jdk1.8.0_171\jre\classes"/>
    <property name="EXECUTOR_NUMBER" value="1"/>
    <property name="sun.desktop" value="windows"/>
    <property name="PATHEXT" value=".COM;.EXE;.BAT;.CMD;.VBS;.VBE;.JS;.JSE;.WSF;.WSH;.MSC"/>
    <property name="java.vm.specification.vendor" value="Oracle Corporation"/>
    <property name="POM_DISPLAYNAME" value="PageObjectExtended"/>
    <property name="NODE_LABELS" value="master"/>
    <property name="TEMP" value="C:\Users\WAY2AU~1\AppData\Local\Temp"/>
    <property name="java.runtime.version" value="1.8.0_171-b11"/>
    <property name="FPS_BROWSER_APP_PROFILE_STRING" value="Internet Explorer"/>
    <property name="user.name" value="WAY2AUTOMATION"/>
    <property name="guice.disable.misplaced.annotation.check" value="true"/>
    <property name="CommonProgramW6432" value="C:\Program Files\Common Files"/>
    <property name="ProgramFiles" value="C:\Program Files"/>
    <property name="PROMPT" value="$P$G"/>
    <property name="user.language" value="en"/>
    <property name="JOB_BASE_NAME" value="PageObjectModelExtended"/>
    <property name="RUN_CHANGES_DISPLAY_URL" value="http://unconfigured-jenkins-location/job/PageObjectModelExtended/12/display/redirect?page=changes"/>
    <property name="BUILD_DISPLAY_NAME" value="#12"/>
    <property name="OneDrive" value="C:\Users\WAY2AUTOMATION\OneDrive"/>
    <property name="sun.boot.library.path" value="C:\Program Files\Java\jdk1.8.0_171\jre\bin"/>
    <property name="LOCALAPPDATA" value="C:\Users\WAY2AUTOMATION\AppData\Local"/>
    <property name="java.version" value="1.8.0_171"/>
    <property name="PROCESSOR_LEVEL" value="6"/>
    <property name="user.timezone" value="Asia/Calcutta"/>
    <property name="USERNAME" value="WAY2AUTOMATION"/>
    <property name="sun.arch.data.model" value="64"/>
    <property name="NODE_NAME" value="master"/>
    <property name="java.endorsed.dirs" value="C:\Program Files\Java\jdk1.8.0_171\jre\lib\endorsed"/>
    <property name="BUILD_ID" value="12"/>
    <property name="sun.cpu.isalist" value="amd64"/>
    <property name="sun.jnu.encoding" value="Cp1252"/>
    <property name="file.encoding.pkg" value="sun.io"/>
    <property name="file.separator" value="\"/>
    <property name="java.specification.name" value="Java Platform API Specification"/>
    <property name="HOMEDRIVE" value="C:"/>
    <property name="maven.conf" value="C:\Users\WAY2AUTOMATION\.jenkins\tools\hudson.tasks.Maven_MavenInstallation\MVN_HOME\conf"/>
    <property name="java.class.version" value="52.0"/>
    <property name="=::" value="::\"/>
    <property name="MVN_HOME" value="F:\selenium-prerequisite\apache-maven-3.0.5-bin\apache-maven-3.0.5"/>
    <property name="org.slf4j.simpleLogger.defaultLogLevel" value="info"/>
    <property name="user.country" value="US"/>
    <property name="ALLUSERSPROFILE" value="C:\ProgramData"/>
    <property name="java.home" value="C:\Program Files\Java\jdk1.8.0_171\jre"/>
    <property name="java.vm.info" value="mixed mode"/>
    <property name="os.version" value="10.0"/>
    <property name="=F:" value="F:\selenium-prerequisite"/>
    <property name="RUN_DISPLAY_URL" value="http://unconfigured-jenkins-location/job/PageObjectModelExtended/12/display/redirect"/>
    <property name="POM_VERSION" value="0.0.1-SNAPSHOT"/>
    <property name="TMP" value="C:\Users\WAY2AU~1\AppData\Local\Temp"/>
    <property name="path.separator" value=";"/>
    <property name="java.vm.version" value="25.171-b11"/>
    <property name="user.variant" value=""/>
    <property name="JOB_DISPLAY_URL" value="http://unconfigured-jenkins-location/job/PageObjectModelExtended/display/redirect"/>
    <property name="CommonProgramFiles(x86)" value="C:\Program Files (x86)\Common Files"/>
    <property name="USERDOMAIN_ROAMINGPROFILE" value="DESKTOP-3SL4LUB"/>
    <property name="java.awt.printerjob" value="sun.awt.windows.WPrinterJob"/>
    <property name="JAVA_HOME" value="C:\Program Files\Java\jdk1.8.0_171"/>
    <property name="sun.io.unicode.encoding" value="UnicodeLittle"/>
    <property name="CommonProgramFiles" value="C:\Program Files\Common Files"/>
    <property name="ComSpec" value="C:\WINDOWS\system32\cmd.exe"/>
    <property name="awt.toolkit" value="sun.awt.windows.WToolkit"/>
    <property name="HOMEPATH" value="\Users\WAY2AUTOMATION"/>
    <property name="POM_PACKAGING" value="jar"/>
    <property name="user.script" value=""/>
    <property name="COMPUTERNAME" value="DESKTOP-3SL4LUB"/>
    <property name="POM_GROUPID" value="com.w2a"/>
    <property name="user.home" value="C:\Users\WAY2AUTOMATION"/>
    <property name="PUBLIC" value="C:\Users\Public"/>
    <property name="BUILD_TAG" value="jenkins-PageObjectModelExtended-12"/>
    <property name="JENKINS_SERVER_COOKIE" value="025db5fa7149d293"/>
    <property name="ProgramData" value="C:\ProgramData"/>
    <property name="java.specification.vendor" value="Oracle Corporation"/>
    <property name="USERPROFILE" value="C:\Users\WAY2AUTOMATION"/>
    <property name="CLASSPATH" value=""/>
    <property name="java.vendor.url" value="http://java.oracle.com/"/>
    <property name="java.library.path" value="C:\Program Files\Java\jdk1.8.0_171\bin;C:\WINDOWS\Sun\Java\bin;C:\WINDOWS\system32;C:\WINDOWS;C:\Users\WAY2AUTOMATION\.jenkins\tools\hudson.tasks.Maven_MavenInstallation\MVN_HOME/bin;C:\Program Files\Java\jdk1.8.0_171/bin;C:\Program Files\Java\jdk1.8.0_171/bin;C:\Program Files (x86)\Common Files\Oracle\Java\javapath;C:\Program Files (x86)\Intel\iCLS Client\;C:\Program Files\Intel\iCLS Client\;C:\WINDOWS\system32;C:\WINDOWS;C:\WINDOWS\System32\Wbem;C:\WINDOWS\System32\WindowsPowerShell\v1.0\;c:\Program Files (x86)\ATI Technologies\ATI.ACE\Core-Static;C:\Program Files\Intel\WiFi\bin\;C:\Program Files\Common Files\Intel\WirelessCommon\;C:\Program Files\Java\jdk1.8.0_171\bin;F:\selenium-prerequisite\apache-maven-3.0.5-bin\apache-maven-3.0.5\bin;C:\Users\WAY2AUTOMATION\AppData\Local\Android\Sdk\tools;C:\Users\WAY2AUTOMATION\AppData\Local\Android\Sdk\platform-tools;."/>
    <property name="java.vm.vendor" value="Oracle Corporation"/>
    <property name="APPDATA" value="C:\Users\WAY2AUTOMATION\AppData\Roaming"/>
    <property name="java.runtime.name" value="Java(TM) SE Runtime Environment"/>
    <property name="maven.home" value="C:\Users\WAY2AUTOMATION\.jenkins\tools\hudson.tasks.Maven_MavenInstallation\MVN_HOME"/>
    <property name="java.class.path" value="C:\Users\WAY2AUTOMATION\.jenkins\plugins\maven-plugin\WEB-INF\lib\maven35-agent-1.12-alpha-1.jar;C:\Users\WAY2AUTOMATION\.jenkins\tools\hudson.tasks.Maven_MavenInstallation\MVN_HOME\boot\plexus-classworlds-2.5.2.jar;C:\Users\WAY2AUTOMATION\.jenkins\tools\hudson.tasks.Maven_MavenInstallation\MVN_HOME/conf/logging"/>
    <property name="sun.java.command" value="jenkins.maven3.agent.Maven35Main C:\Users\WAY2AUTOMATION\.jenkins\tools\hudson.tasks.Maven_MavenInstallation\MVN_HOME C:\Users\WAY2AUTOMATION\.jenkins\war\WEB-INF\lib\remoting-3.17.jar C:\Users\WAY2AUTOMATION\.jenkins\plugins\maven-plugin\WEB-INF\lib\maven35-interceptor-1.12-alpha-1.jar C:\Users\WAY2AUTOMATION\.jenkins\plugins\maven-plugin\WEB-INF\lib\maven3-interceptor-commons-1.12-alpha-1.jar 50627"/>
    <property name="Path" value="C:\Program Files\Java\jdk1.8.0_171/bin;C:\Program Files (x86)\Common Files\Oracle\Java\javapath;C:\Program Files (x86)\Intel\iCLS Client\;C:\Program Files\Intel\iCLS Client\;C:\WINDOWS\system32;C:\WINDOWS;C:\WINDOWS\System32\Wbem;C:\WINDOWS\System32\WindowsPowerShell\v1.0\;c:\Program Files (x86)\ATI Technologies\ATI.ACE\Core-Static;C:\Program Files\Intel\WiFi\bin\;C:\Program Files\Common Files\Intel\WirelessCommon\;C:\Program Files\Java\jdk1.8.0_171\bin;F:\selenium-prerequisite\apache-maven-3.0.5-bin\apache-maven-3.0.5\bin;C:\Users\WAY2AUTOMATION\AppData\Local\Android\Sdk\tools;C:\Users\WAY2AUTOMATION\AppData\Local\Android\Sdk\platform-tools"/>
    <property name="java.vm.specification.name" value="Java Virtual Machine Specification"/>
    <property name="PROCESSOR_ARCHITECTURE" value="AMD64"/>
    <property name="PATH+JDK" value="C:\Program Files\Java\jdk1.8.0_171/bin"/>
    <property name="PROCESSOR_IDENTIFIER" value="Intel64 Family 6 Model 78 Stepping 3, GenuineIntel"/>
    <property name="SESSIONNAME" value="Console"/>
    <property name="java.vm.specification.version" value="1.8"/>
    <property name="sun.os.patch.level" value=""/>
    <property name="sun.cpu.endian" value="little"/>
    <property name="M2_HOME" value="C:\Users\WAY2AUTOMATION\.jenkins\tools\hudson.tasks.Maven_MavenInstallation\MVN_HOME"/>
    <property name="java.io.tmpdir" value="C:\Users\WAY2AU~1\AppData\Local\Temp\"/>
    <property name="OS" value="Windows_NT"/>
    <property name="HUDSON_HOME" value="C:\Users\WAY2AUTOMATION\.jenkins"/>
    <property name="PATH+MAVEN" value="C:\Users\WAY2AUTOMATION\.jenkins\tools\hudson.tasks.Maven_MavenInstallation\MVN_HOME/bin"/>
    <property name="ProgramFiles(x86)" value="C:\Program Files (x86)"/>
    <property name="java.vendor.url.bug" value="http://bugreport.sun.com/bugreport/"/>
    <property name="java.awt.graphicsenv" value="sun.awt.Win32GraphicsEnvironment"/>
    <property name="os.arch" value="amd64"/>
    <property name="SystemRoot" value="C:\WINDOWS"/>
    <property name="java.ext.dirs" value="C:\Program Files\Java\jdk1.8.0_171\jre\lib\ext;C:\WINDOWS\Sun\Java\lib\ext"/>
    <property name="user.dir" value="F:\seleniumworkspaces\LiveProjects\PageObjectExtended"/>
    <property name="LOGONSERVER" value="\\DESKTOP-3SL4LUB"/>
    <property name="USERDOMAIN" value="DESKTOP-3SL4LUB"/>
    <property name="line.separator" value="&#10;"/>
    <property name="MAVEN_HOME" value="C:\Users\WAY2AUTOMATION\.jenkins\tools\hudson.tasks.Maven_MavenInstallation\MVN_HOME"/>
    <property name="java.vm.name" value="Java HotSpot(TM) 64-Bit Server VM"/>
    <property name="BUILD_NUMBER" value="12"/>
    <property name="ANDROID_HOME" value="C:\Users\WAY2AUTOMATION\AppData\Local\Android\Sdk"/>
    <property name="PROCESSOR_REVISION" value="4e03"/>
    <property name="ProgramW6432" value="C:\Program Files"/>
    <property name="windir" value="C:\WINDOWS"/>
    <property name="file.encoding" value="Cp1252"/>
    <property name="SystemDrive" value="C:"/>
    <property name="maven3.interceptor" value="C:\Users\WAY2AUTOMATION\.jenkins\plugins\maven-plugin\WEB-INF\lib\maven35-interceptor-1.12-alpha-1.jar"/>
    <property name="WORKSPACE" value="C:\Users\WAY2AUTOMATION\.jenkins\workspace\PageObjectModelExtended"/>
    <property name="maven3.interceptor.common" value="C:\Users\WAY2AUTOMATION\.jenkins\plugins\maven-plugin\WEB-INF\lib\maven3-interceptor-commons-1.12-alpha-1.jar"/>
    <property name="java.specification.version" value="1.8"/>
    <property name="PSModulePath" value="C:\Program Files\WindowsPowerShell\Modules;C:\WINDOWS\system32\WindowsPowerShell\v1.0\Modules"/>
  </properties>
  <testcase name="loginTest" classname="com.w2a.zoho.testcases.LoginTest" time="33.479"/>
  <testcase name="loginTest" classname="com.w2a.zoho.testcases.LoginTest" time="60.927"/>
  <testcase name="validateCRMTest" classname="com.w2a.zoho.testcases.ValidateCRMTest" time="108.742"/>
</testsuite>