<?xml version="1.0" encoding="UTF-8"?>
<!-- Generated by org.testng.reporters.JUnitReportReporter -->
<testsuite hostname="DESKTOP-FNF69NB" name="com.w2a.zoho.rough.TestCase1" tests="2" failures="0" timestamp="1 Jun 2018 08:33:23 GMT" time="60.770" errors="0">
  <testcase name="doLogin" time="25.598" classname="com.w2a.zoho.rough.TestCase1"/>
  <testcase name="doLogin" time="35.172" classname="com.w2a.zoho.rough.TestCase1"/>
</testsuite> <!-- com.w2a.zoho.rough.TestCase1 -->
