<?xml version="1.0" encoding="UTF-8"?>
<!-- Generated by org.testng.reporters.JUnitReportReporter -->
<testsuite hostname="DESKTOP-FNF69NB" name="com.w2a.zoho.rough.TestCase2" tests="1" failures="0" timestamp="1 Jun 2018 08:33:23 GMT" time="26.494" errors="0">
  <testcase name="doLogin" time="26.494" classname="com.w2a.zoho.rough.TestCase2"/>
</testsuite> <!-- com.w2a.zoho.rough.TestCase2 -->
