<?xml version="1.0" encoding="UTF-8"?>
<!-- Generated by org.testng.reporters.JUnitReportReporter -->
<testsuite skipped="0" hostname="DESKTOP-3SL4LUB" name="com.w2a.zoho.testcases.LoginTest" tests="2" failures="0" timestamp="13 Jun 2018 18:23:13 GMT" time="96.125" errors="0">
  <testcase name="loginTest" time="35.103" classname="com.w2a.zoho.testcases.LoginTest"/>
  <testcase name="loginTest" time="61.022" classname="com.w2a.zoho.testcases.LoginTest"/>
</testsuite> <!-- com.w2a.zoho.testcases.LoginTest -->
