<?xml version="1.0" encoding="UTF-8"?>
<!-- Generated by org.testng.reporters.JUnitReportReporter -->
<testsuite skipped="0" hostname="DESKTOP-3SL4LUB" name="com.w2a.zoho.rough.LoginTest" tests="2" failures="0" timestamp="13 Jun 2018 12:46:54 GMT" time="36.929" errors="0">
  <testcase name="loginTest" time="19.973" classname="com.w2a.zoho.rough.LoginTest"/>
  <testcase name="loginTest" time="16.956" classname="com.w2a.zoho.rough.LoginTest"/>
</testsuite> <!-- com.w2a.zoho.rough.LoginTest -->
