<?xml version="1.0" encoding="UTF-8"?>
<!-- Generated by org.testng.reporters.JUnitReportReporter -->
<testsuite skipped="0" hostname="DESKTOP-3SL4LUB" name="com.w2a.zoho.testcases.ValidateCRMTest" tests="1" failures="0" timestamp="13 Jun 2018 18:23:13 GMT" time="108.852" errors="0">
  <testcase name="validateCRMTest" time="108.852" classname="com.w2a.zoho.testcases.ValidateCRMTest"/>
</testsuite> <!-- com.w2a.zoho.testcases.ValidateCRMTest -->
